<?xml version="1.0" encoding="UTF-8"?>
<!-- Generated by org.testng.reporters.JUnitXMLReporter -->
<testsuite hostname="DESKTOP-947DOM6" ignored="2" name="smokeTest" tests="2" failures="1" timestamp="2020-10-14T17:14:58 PDT" time="16.928" errors="0">
  <testcase name="hpNavigation" time="2.271" classname="Automation.HomepageNavigation"/>
  <testcase name="travelRestChildWindow" time="3.922" classname="Automation.HomepageNavigation">
    <failure type="java.lang.AssertionError" message="expected [Sherpa – Move Free] but found [Sherpa – Move Freely]">
      <![CDATA[java.lang.AssertionError: expected [Sherpa – Move Free] but found [Sherpa – Move Freely]
at Automation.HomepageNavigation.travelRestChildWindow(HomepageNavigation.java:193)
at java.util.ArrayList.forEach(ArrayList.java:1257)
... Removed 37 stack frames]]>
    </failure>
  </testcase> <!-- travelRestChildWindow -->
  <testcase name="flightInfo" time="0.0" classname="Automation.HomepageNavigation">
    <ignored/>
  </testcase> <!-- flightInfo -->
  <testcase name="footerNavigation" time="0.0" classname="Automation.HomepageNavigation">
    <ignored/>
  </testcase> <!-- footerNavigation -->
</testsuite> <!-- smokeTest -->
